2025-06-23 16:46:18 INFO  AUDIT_LOGGER - [AUDIT] Method: AuthenticationServiceImpl.login | Args: [com.yash.usermanagement.dto.LoginRequestDTO@34d3b355] | Timestamp: 1750677378980
2025-06-23 16:47:46 INFO  AUDIT_LOGGER - [AUDIT] Method: UserServiceImpl.createUser | Args: [com.yash.usermanagement.model.User@f54f390] | Timestamp: 1750677466330
2025-06-23 17:46:06 INFO  AUDIT_LOGGER - [AUDIT] Method: UserServiceImpl.createUser | Args: [com.yash.usermanagement.model.User@721871b3] | Timestamp: 1750680966496
2025-06-23 17:49:47 INFO  AUDIT_LOGGER - [AUDIT] Method: AuthenticationServiceImpl.login | Args: [com.yash.usermanagement.dto.LoginRequestDTO@44ff878b] | Timestamp: 1750681187892
2025-06-23 17:51:21 INFO  AUDIT_LOGGER - [AUDIT] Method: AuthenticationServiceImpl.login | Args: [com.yash.usermanagement.dto.LoginRequestDTO@4e040f5c] | Timestamp: 1750681281237
2025-06-23 17:52:10 INFO  AUDIT_LOGGER - [AUDIT] Method: UserServiceImpl.updateUser | Args: [8bfa10ff-9975-4316-ae66-0c684bb8e580, com.yash.usermanagement.model.User@25c6cdaa] | Timestamp: 1750681330881
2025-06-24 15:18:44 INFO  AUDIT_LOGGER - [AUDIT] Method: UserServiceImpl.updateUser | Args: [722bde9a-e9f7-4bce-bc9b-84cea7bc02da, com.yash.usermanagement.model.User@48dc717] | Timestamp: 1750758524535
2025-06-24 15:19:21 INFO  AUDIT_LOGGER - [AUDIT] Method: AuthenticationServiceImpl.login | Args: [com.yash.usermanagement.dto.LoginRequestDTO@46bd23c7] | Timestamp: 1750758561924
2025-06-24 16:57:44 INFO  AUDIT_LOGGER - [AUDIT] Method: AuthenticationServiceImpl.login | Args: [com.yash.usermanagement.dto.LoginRequestDTO@104f8c4e] | Timestamp: 1750764464007
2025-06-24 18:26:49 INFO  AUDIT_LOGGER - [AUDIT] Method: AuthenticationServiceImpl.login | Args: [com.yash.usermanagement.dto.LoginRequestDTO@15ba52e2] | Timestamp: 1750769809425
2025-06-25 11:20:53 INFO  AUDIT_LOGGER - [AUDIT] Method: AuthenticationServiceImpl.login | Args: [com.yash.usermanagement.dto.LoginRequestDTO@5b415da4] | Timestamp: 1750830653402
2025-06-25 11:27:56 INFO  AUDIT_LOGGER - [AUDIT] Method: AuthenticationServiceImpl.login | Args: [com.yash.usermanagement.dto.LoginRequestDTO@1e6d4db] | Timestamp: 1750831076087
2025-06-25 15:52:30 INFO  AUDIT_LOGGER - [AUDIT] Method: AuthenticationServiceImpl.login | Args: [com.yash.usermanagement.dto.LoginRequestDTO@59b09f74] | Timestamp: 1750846950043
2025-06-25 16:30:10 INFO  AUDIT_LOGGER - [AUDIT] Method: AuthenticationServiceImpl.login | Args: [com.yash.usermanagement.dto.LoginRequestDTO@74a75891] | Timestamp: 1750849210083
2025-06-25 16:32:54 INFO  AUDIT_LOGGER - [AUDIT] Method: AuthenticationServiceImpl.login | Args: [com.yash.usermanagement.dto.LoginRequestDTO@a2fa648] | Timestamp: 1750849374138
2025-06-25 17:23:31 INFO  AUDIT_LOGGER - [AUDIT] Method: AuthenticationServiceImpl.login | Args: [com.yash.usermanagement.dto.LoginRequestDTO@60f47eb5] | Timestamp: 1750852411142
2025-06-25 17:45:20 INFO  AUDIT_LOGGER - [AUDIT] Method: AuthenticationServiceImpl.login | Args: [com.yash.usermanagement.dto.LoginRequestDTO@29effd1a] | Timestamp: 1750853720031
2025-06-25 17:45:34 INFO  AUDIT_LOGGER - [AUDIT] Method: AuthenticationServiceImpl.login | Args: [com.yash.usermanagement.dto.LoginRequestDTO@6372bc0f] | Timestamp: 1750853734496
2025-06-25 17:55:05 INFO  AUDIT_LOGGER - [AUDIT] Method: AuthenticationServiceImpl.login | Args: [com.yash.usermanagement.dto.LoginRequestDTO@6270a986] | Timestamp: 1750854305807
2025-06-25 18:27:15 INFO  AUDIT_LOGGER - [AUDIT] Method: AuthenticationServiceImpl.login | Args: [com.yash.usermanagement.dto.LoginRequestDTO@4668c19a] | Timestamp: 1750856235702
2025-06-25 18:27:32 INFO  AUDIT_LOGGER - [AUDIT] Method: AuthenticationServiceImpl.login | Args: [com.yash.usermanagement.dto.LoginRequestDTO@a086286] | Timestamp: 1750856252915
2025-06-25 18:27:41 INFO  AUDIT_LOGGER - [AUDIT] Method: AuthenticationServiceImpl.login | Args: [com.yash.usermanagement.dto.LoginRequestDTO@3fde5e6a] | Timestamp: 1750856261318
2025-06-25 18:28:26 INFO  AUDIT_LOGGER - [AUDIT] Method: AuthenticationServiceImpl.login | Args: [com.yash.usermanagement.dto.LoginRequestDTO@78ad5506] | Timestamp: 1750856306564
2025-06-25 20:53:17 INFO  AUDIT_LOGGER - [AUDIT] Method: AuthenticationServiceImpl.login | Args: [com.yash.usermanagement.dto.LoginRequestDTO@39cdcf53] | Timestamp: 1750864997994
2025-06-25 20:53:40 INFO  AUDIT_LOGGER - [AUDIT] Method: AuthenticationServiceImpl.login | Args: [com.yash.usermanagement.dto.LoginRequestDTO@3b0a0fb6] | Timestamp: 1750865020415
2025-06-25 23:14:54 INFO  AUDIT_LOGGER - [AUDIT] Method: AuthenticationServiceImpl.login | Args: [com.yash.usermanagement.dto.LoginRequestDTO@12685bb5] | Timestamp: 1750873494291
2025-06-25 23:35:58 INFO  AUDIT_LOGGER - [AUDIT] Method: AuthenticationServiceImpl.login | Args: [com.yash.usermanagement.dto.LoginRequestDTO@74be7c9d] | Timestamp: 1750874758447
2025-06-25 23:39:05 INFO  AUDIT_LOGGER - [AUDIT] Method: AuthenticationServiceImpl.login | Args: [com.yash.usermanagement.dto.LoginRequestDTO@212f5d] | Timestamp: 1750874945562
2025-06-25 23:52:22 INFO  AUDIT_LOGGER - [AUDIT] Method: AuthenticationServiceImpl.login | Args: [com.yash.usermanagement.dto.LoginRequestDTO@21b1aaa5] | Timestamp: 1750875742209
2025-06-26 00:00:32 INFO  AUDIT_LOGGER - [AUDIT] Method: AuthenticationServiceImpl.login | Args: [com.yash.usermanagement.dto.LoginRequestDTO@33813a06] | Timestamp: 1750876232707
2025-06-26 00:04:23 INFO  AUDIT_LOGGER - [AUDIT] Method: AuthenticationServiceImpl.login | Args: [com.yash.usermanagement.dto.LoginRequestDTO@8e27375] | Timestamp: 1750876463816
2025-06-26 00:05:17 INFO  AUDIT_LOGGER - [AUDIT] Method: AuthenticationServiceImpl.login | Args: [com.yash.usermanagement.dto.LoginRequestDTO@1766a104] | Timestamp: 1750876517770
2025-06-26 00:06:32 INFO  AUDIT_LOGGER - [AUDIT] Method: AuthenticationServiceImpl.login | Args: [com.yash.usermanagement.dto.LoginRequestDTO@a1506d1] | Timestamp: 1750876592782
2025-06-26 00:16:12 INFO  AUDIT_LOGGER - [AUDIT] Method: AuthenticationServiceImpl.login | Args: [com.yash.usermanagement.dto.LoginRequestDTO@3e057572] | Timestamp: 1750877172926
2025-06-26 00:17:23 INFO  AUDIT_LOGGER - [AUDIT] Method: AuthenticationServiceImpl.login | Args: [com.yash.usermanagement.dto.LoginRequestDTO@25de02b8] | Timestamp: 1750877243272
2025-06-28 15:10:10 INFO  AUDIT_LOGGER - [AUDIT] Method: AuthenticationServiceImpl.login | Args: [com.yash.usermanagement.dto.LoginRequestDTO@f3ccbab] | Timestamp: 1751103610210
2025-06-28 15:10:57 INFO  AUDIT_LOGGER - [AUDIT] Method: UserServiceImpl.createUser | Args: [com.yash.usermanagement.model.User@41f30a3b] | Timestamp: 1751103657523
2025-06-28 15:12:58 INFO  AUDIT_LOGGER - [AUDIT] Method: UserServiceImpl.createUser | Args: [com.yash.usermanagement.model.User@600fc4aa] | Timestamp: 1751103778079
2025-06-28 15:13:17 INFO  AUDIT_LOGGER - [AUDIT] Method: UserServiceImpl.createUser | Args: [com.yash.usermanagement.model.User@6e51826a] | Timestamp: 1751103797279
2025-06-28 15:20:39 INFO  AUDIT_LOGGER - [AUDIT] Method: UserServiceImpl.createUser | Args: [com.yash.usermanagement.model.User@2d0fdaaa] | Timestamp: 1751104239739
2025-06-28 15:21:32 INFO  AUDIT_LOGGER - [AUDIT] Method: UserServiceImpl.createUser | Args: [com.yash.usermanagement.model.User@7b31b6e7] | Timestamp: 1751104292502
2025-06-28 15:23:06 INFO  AUDIT_LOGGER - [AUDIT] Method: UserServiceImpl.createUser | Args: [com.yash.usermanagement.model.User@1f4fc6ab] | Timestamp: 1751104386506
2025-06-28 15:28:04 INFO  AUDIT_LOGGER - [AUDIT] Method: UserServiceImpl.updateUser | Args: [3222eafc-6bc0-460b-b528-eb8738b4774e, com.yash.usermanagement.model.User@59a2e4bc] | Timestamp: 1751104684371
2025-06-28 15:29:20 INFO  AUDIT_LOGGER - [AUDIT] Method: UserServiceImpl.deleteUser | Args: [3222eafc-6bc0-460b-b528-eb8738b4774e] | Timestamp: 1751104760758
2025-06-28 16:52:38 INFO  AUDIT_LOGGER - [AUDIT] Method: UserServiceImpl.createUser | Args: [com.yash.usermanagement.model.User@13cc55a5] | Timestamp: 1751109758837
2025-06-28 16:55:31 INFO  AUDIT_LOGGER - [AUDIT] Method: UserServiceImpl.createUser | Args: [com.yash.usermanagement.model.User@45fb2e49] | Timestamp: 1751109931158
2025-06-28 16:57:05 INFO  AUDIT_LOGGER - [AUDIT] Method: UserServiceImpl.createUser | Args: [com.yash.usermanagement.model.User@3eb69936] | Timestamp: 1751110025531
2025-06-28 16:58:13 INFO  AUDIT_LOGGER - [AUDIT] Method: UserServiceImpl.createUser | Args: [com.yash.usermanagement.model.User@1b34c22a] | Timestamp: 1751110093313
2025-06-28 17:02:55 INFO  AUDIT_LOGGER - [AUDIT] Method: UserServiceImpl.createUser | Args: [com.yash.usermanagement.model.User@419c7d11] | Timestamp: 1751110375418
2025-06-28 17:03:36 INFO  AUDIT_LOGGER - [AUDIT] Method: AuthenticationServiceImpl.login | Args: [com.yash.usermanagement.dto.LoginRequestDTO@aee5a36] | Timestamp: 1751110416559
2025-06-28 17:04:12 INFO  AUDIT_LOGGER - [AUDIT] Method: UserServiceImpl.createUser | Args: [com.yash.usermanagement.model.User@656af014] | Timestamp: 1751110452741

2025-07-01 14:34:50 INFO  AUDIT_LOGGER - [AUDIT] Method: AuthenticationServiceImpl.login | Args: [com.yash.usermanagement.dto.LoginRequestDTO@2d023aad] | Timestamp: 1751360690529
2025-07-01 15:53:54 INFO  AUDIT_LOGGER - [AUDIT] Method: AuthenticationServiceImpl.login | Args: [com.yash.usermanagement.dto.LoginRequestDTO@4e0d50] | Timestamp: 1751365434317
2025-07-01 15:54:35 INFO  AUDIT_LOGGER - [AUDIT] Method: AuthenticationServiceImpl.login | Args: [com.yash.usermanagement.dto.LoginRequestDTO@1cedde42] | Timestamp: 1751365475792
2025-07-01 15:57:45 INFO  AUDIT_LOGGER - [AUDIT] Method: AuthenticationServiceImpl.login | Args: [com.yash.usermanagement.dto.LoginRequestDTO@5f20d37a] | Timestamp: 1751365665522
2025-07-01 17:41:34 INFO  AUDIT_LOGGER - [AUDIT] Method: UserServiceImpl.deleteUser | Args: [5924d724-9565-40b1-9bff-211a13303a79] | Timestamp: 1751371894994
2025-07-01 17:42:18 INFO  AUDIT_LOGGER - [AUDIT] Method: AuthenticationServiceImpl.login | Args: [com.yash.usermanagement.dto.LoginRequestDTO@1344df69] | Timestamp: 1751371938860
2025-07-01 22:47:11 INFO  AUDIT_LOGGER - [AUDIT] Method: AuthenticationServiceImpl.login | Args: [com.yash.usermanagement.dto.LoginRequestDTO@671d712] | Timestamp: 1751390231795
2025-07-02 11:33:57 INFO  AUDIT_LOGGER - [AUDIT] Method: AuthenticationServiceImpl.login | Args: [com.yash.usermanagement.dto.LoginRequestDTO@2a5a0ad0] | Timestamp: 1751436237226
2025-07-02 11:34:31 INFO  AUDIT_LOGGER - [AUDIT] Method: AuthenticationServiceImpl.login | Args: [com.yash.usermanagement.dto.LoginRequestDTO@1d396b30] | Timestamp: 1751436271779
2025-07-02 12:21:16 INFO  AUDIT_LOGGER - [AUDIT] Method: AuthenticationServiceImpl.login | Args: [com.yash.usermanagement.dto.LoginRequestDTO@3f6d0b13] | Timestamp: 1751439076306
2025-07-02 18:21:08 INFO  AUDIT_LOGGER - [AUDIT] Method: AuthenticationServiceImpl.login | Args: [com.yash.usermanagement.dto.LoginRequestDTO@3c5be3e3] | Timestamp: 1751460668923
2025-07-02 18:27:23 INFO  AUDIT_LOGGER - [AUDIT] Method: UserServiceImpl.createUser | Args: [com.yash.usermanagement.model.User@3fad8bdb] | Timestamp: 1751461043750
2025-07-03 12:00:57 INFO  AUDIT_LOGGER - [AUDIT] Method: AuthenticationServiceImpl.login | Args: [com.yash.usermanagement.dto.LoginRequestDTO@6987175c] | Timestamp: 1751524257766
2025-07-03 12:20:40 INFO  AUDIT_LOGGER - [AUDIT] Method: AuthenticationServiceImpl.login | Args: [com.yash.usermanagement.dto.LoginRequestDTO@1e78f7d6] | Timestamp: 1751525440134
2025-07-03 12:20:57 INFO  AUDIT_LOGGER - [AUDIT] Method: AuthenticationServiceImpl.login | Args: [com.yash.usermanagement.dto.LoginRequestDTO@2ccb1230] | Timestamp: 1751525457869
2025-07-03 13:17:46 INFO  AUDIT_LOGGER - [AUDIT] Method: AuthenticationServiceImpl.login | Args: [com.yash.usermanagement.dto.LoginRequestDTO@3940a440] | Timestamp: 1751528866682
2025-07-03 18:09:08 INFO  AUDIT_LOGGER - [AUDIT] Method: AuthenticationServiceImpl.login | Args: [com.yash.usermanagement.dto.LoginRequestDTO@341744fb] | Timestamp: 1751546348678
2025-07-04 13:06:23 INFO  AUDIT_LOGGER - [AUDIT] Method: AuthenticationServiceImpl.login | Args: [com.yash.usermanagement.dto.LoginRequestDTO@30e355e0] | Timestamp: 1751614583208
2025-07-07 12:02:36 INFO  AUDIT_LOGGER - [AUDIT] Method: AuthenticationServiceImpl.login | Args: [com.yash.usermanagement.dto.LoginRequestDTO@78dc1e16] | Timestamp: 1751869956712
2025-07-07 12:04:16 INFO  AUDIT_LOGGER - [AUDIT] Method: AuthenticationServiceImpl.login | Args: [com.yash.usermanagement.dto.LoginRequestDTO@1b5a9e17] | Timestamp: 1751870056737
2025-07-07 12:22:15 INFO  AUDIT_LOGGER - [AUDIT] Method: AuthenticationServiceImpl.login | Args: [com.yash.usermanagement.dto.LoginRequestDTO@63d44bad] | Timestamp: 1751871135345
2025-07-07 12:23:15 INFO  AUDIT_LOGGER - [AUDIT] Method: AuthenticationServiceImpl.login | Args: [com.yash.usermanagement.dto.LoginRequestDTO@16dbb00d] | Timestamp: 1751871195963
2025-07-07 12:26:38 INFO  AUDIT_LOGGER - [AUDIT] Method: AuthenticationServiceImpl.login | Args: [com.yash.usermanagement.dto.LoginRequestDTO@8c224ad] | Timestamp: 1751871398746
2025-07-07 12:31:52 INFO  AUDIT_LOGGER - [AUDIT] Method: AuthenticationServiceImpl.login | Args: [com.yash.usermanagement.dto.LoginRequestDTO@3241c7f8] | Timestamp: 1751871712237
2025-07-07 13:13:52 INFO  AUDIT_LOGGER - [AUDIT] Method: AuthenticationServiceImpl.login | Args: [com.yash.usermanagement.dto.LoginRequestDTO@75947c4] | Timestamp: 1751874232699
2025-07-07 13:15:30 INFO  AUDIT_LOGGER - [AUDIT] Method: AuthenticationServiceImpl.login | Args: [com.yash.usermanagement.dto.LoginRequestDTO@3c75293e] | Timestamp: 1751874330630
2025-07-07 14:31:01 INFO  AUDIT_LOGGER - [AUDIT] Method: AuthenticationServiceImpl.login | Args: [com.yash.usermanagement.dto.LoginRequestDTO@33a71763] | Timestamp: 1751878861841
2025-07-07 14:34:01 INFO  AUDIT_LOGGER - [AUDIT] Method: AuthenticationServiceImpl.login | Args: [com.yash.usermanagement.dto.LoginRequestDTO@52aed146] | Timestamp: 1751879041113
2025-07-07 14:34:10 INFO  AUDIT_LOGGER - [AUDIT] Method: AuthenticationServiceImpl.login | Args: [com.yash.usermanagement.dto.LoginRequestDTO@17ac5577] | Timestamp: 1751879050699
2025-07-07 14:35:03 INFO  AUDIT_LOGGER - [AUDIT] Method: AuthenticationServiceImpl.login | Args: [com.yash.usermanagement.dto.LoginRequestDTO@7a46dabe] | Timestamp: 1751879103315
2025-07-07 14:43:32 INFO  AUDIT_LOGGER - [AUDIT] Method: AuthenticationServiceImpl.login | Args: [com.yash.usermanagement.dto.LoginRequestDTO@788753c8] | Timestamp: 1751879612696
2025-07-07 15:06:35 INFO  AUDIT_LOGGER - [AUDIT] Method: AuthenticationServiceImpl.login | Args: [com.yash.usermanagement.dto.LoginRequestDTO@671ab1f] | Timestamp: 1751880995277
2025-07-07 18:50:05 INFO  AUDIT_LOGGER - [AUDIT] Method: UserServiceImpl.createUser | Args: [com.yash.usermanagement.model.User@1e372dc2] | Timestamp: 1751894405123
2025-07-07 18:51:37 INFO  AUDIT_LOGGER - [AUDIT] Method: UserServiceImpl.createUser | Args: [com.yash.usermanagement.model.User@7040830] | Timestamp: 1751894497527
2025-07-07 23:03:32 INFO  AUDIT_LOGGER - [AUDIT] Method: AuthenticationServiceImpl.login | Args: [com.yash.usermanagement.dto.LoginRequestDTO@6b2bce06] | Timestamp: 1751909612214
2025-07-07 23:06:25 INFO  AUDIT_LOGGER - [AUDIT] Method: UserServiceImpl.createUser | Args: [com.yash.usermanagement.model.User@61cf1ad] | Timestamp: 1751909785108
2025-07-07 23:09:51 INFO  AUDIT_LOGGER - [AUDIT] Method: AuthenticationServiceImpl.login | Args: [com.yash.usermanagement.dto.LoginRequestDTO@162a36b] | Timestamp: 1751909991424
2025-07-08 11:08:19 INFO  AUDIT_LOGGER - [AUDIT] Method: AuthenticationServiceImpl.login | Args: [com.yash.usermanagement.dto.LoginRequestDTO@20cf2aaa] | Timestamp: 1751953099644
2025-07-08 12:04:28 INFO  AUDIT_LOGGER - [AUDIT] Method: AuthenticationServiceImpl.login | Args: [com.yash.usermanagement.dto.LoginRequestDTO@29a6f25a] | Timestamp: 1751956468150
2025-07-08 12:08:50 INFO  AUDIT_LOGGER - [AUDIT] Method: UserServiceImpl.createUser | Args: [com.yash.usermanagement.model.User@1a387d93] | Timestamp: 1751956730448
2025-07-10 17:00:16 INFO  AUDIT_LOGGER - [AUDIT] Method: AuthenticationServiceImpl.logout | Args: [invalid.jwt.token] | Timestamp: 1752147016160
2025-07-10 17:00:16 INFO  AUDIT_LOGGER - [AUDIT] Method: AuthenticationServiceImpl.login | Args: [com.yash.usermanagement.dto.LoginRequestDTO@db364a1] | Timestamp: 1752147016466
2025-07-10 17:00:16 INFO  AUDIT_LOGGER - [AUDIT] Method: AuthenticationServiceImpl.login | Args: [com.yash.usermanagement.dto.LoginRequestDTO@7933f531] | Timestamp: 1752147016723
2025-07-10 17:00:17 INFO  AUDIT_LOGGER - [AUDIT] Method: AuthenticationServiceImpl.logout | Args: [valid.jwt.token] | Timestamp: 1752147017021
2025-07-10 17:00:17 INFO  AUDIT_LOGGER - [AUDIT] Method: AuthenticationServiceImpl.login | Args: [com.yash.usermanagement.dto.LoginRequestDTO@2c2ec652] | Timestamp: 1752147017294
2025-07-10 17:00:19 INFO  AUDIT_LOGGER - [AUDIT] Method: UserServiceImpl.createUser | Args: [com.yash.usermanagement.model.User@278b0231] | Timestamp: 1752147019027
2025-07-10 17:00:19 INFO  AUDIT_LOGGER - [AUDIT] Method: UserServiceImpl.createUser | Args: [com.yash.usermanagement.model.User@3740a9c0] | Timestamp: 1752147019872
2025-07-10 17:04:42 INFO  AUDIT_LOGGER - [AUDIT] Method: AuthenticationServiceImpl.logout | Args: [invalid.jwt.token] | Timestamp: 1752147282538
2025-07-10 17:04:42 INFO  AUDIT_LOGGER - [AUDIT] Method: AuthenticationServiceImpl.login | Args: [com.yash.usermanagement.dto.LoginRequestDTO@4e8be10a] | Timestamp: 1752147282806
2025-07-10 17:04:43 INFO  AUDIT_LOGGER - [AUDIT] Method: AuthenticationServiceImpl.login | Args: [com.yash.usermanagement.dto.LoginRequestDTO@3a481b58] | Timestamp: 1752147283113
2025-07-10 17:04:43 INFO  AUDIT_LOGGER - [AUDIT] Method: AuthenticationServiceImpl.logout | Args: [valid.jwt.token] | Timestamp: 1752147283453
2025-07-10 17:04:43 INFO  AUDIT_LOGGER - [AUDIT] Method: AuthenticationServiceImpl.login | Args: [com.yash.usermanagement.dto.LoginRequestDTO@234018b1] | Timestamp: 1752147283735
2025-07-10 17:04:45 INFO  AUDIT_LOGGER - [AUDIT] Method: UserServiceImpl.createUser | Args: [com.yash.usermanagement.model.User@28f058a3] | Timestamp: 1752147285674
2025-07-10 17:04:46 INFO  AUDIT_LOGGER - [AUDIT] Method: UserServiceImpl.createUser | Args: [com.yash.usermanagement.model.User@6d4efd59] | Timestamp: 1752147286625
2025-07-10 17:10:56 INFO  AUDIT_LOGGER - [AUDIT] Method: AuthenticationServiceImpl.logout | Args: [invalid.jwt.token] | Timestamp: 1752147656202
2025-07-10 17:10:56 INFO  AUDIT_LOGGER - [AUDIT] Method: AuthenticationServiceImpl.login | Args: [com.yash.usermanagement.dto.LoginRequestDTO@7dc0eecc] | Timestamp: 1752147656573
2025-07-10 17:10:56 INFO  AUDIT_LOGGER - [AUDIT] Method: AuthenticationServiceImpl.login | Args: [com.yash.usermanagement.dto.LoginRequestDTO@93062bb] | Timestamp: 1752147656916
2025-07-10 17:10:57 INFO  AUDIT_LOGGER - [AUDIT] Method: AuthenticationServiceImpl.logout | Args: [valid.jwt.token] | Timestamp: 1752147657428
2025-07-10 17:10:57 INFO  AUDIT_LOGGER - [AUDIT] Method: AuthenticationServiceImpl.login | Args: [com.yash.usermanagement.dto.LoginRequestDTO@48a82d52] | Timestamp: 1752147657742
2025-07-10 17:11:00 INFO  AUDIT_LOGGER - [AUDIT] Method: UserServiceImpl.createUser | Args: [com.yash.usermanagement.model.User@3fcf1f18] | Timestamp: 1752147660980
2025-07-10 17:11:01 INFO  AUDIT_LOGGER - [AUDIT] Method: UserServiceImpl.createUser | Args: [com.yash.usermanagement.model.User@17891083] | Timestamp: 1752147661896
2025-07-10 17:12:41 INFO  AUDIT_LOGGER - [AUDIT] Method: AuthenticationServiceImpl.logout | Args: [invalid.jwt.token] | Timestamp: 1752147761994
2025-07-10 17:12:42 INFO  AUDIT_LOGGER - [AUDIT] Method: AuthenticationServiceImpl.login | Args: [com.yash.usermanagement.dto.LoginRequestDTO@16e1b073] | Timestamp: 1752147762272
2025-07-10 17:12:42 INFO  AUDIT_LOGGER - [AUDIT] Method: AuthenticationServiceImpl.login | Args: [com.yash.usermanagement.dto.LoginRequestDTO@627a7b1f] | Timestamp: 1752147762566
2025-07-10 17:12:43 INFO  AUDIT_LOGGER - [AUDIT] Method: AuthenticationServiceImpl.logout | Args: [valid.jwt.token] | Timestamp: 1752147763045
2025-07-10 17:12:43 INFO  AUDIT_LOGGER - [AUDIT] Method: AuthenticationServiceImpl.login | Args: [com.yash.usermanagement.dto.LoginRequestDTO@1e71dc5f] | Timestamp: 1752147763403
2025-07-10 17:12:46 INFO  AUDIT_LOGGER - [AUDIT] Method: UserServiceImpl.createUser | Args: [com.yash.usermanagement.model.User@37a4d14b] | Timestamp: 1752147766409
2025-07-10 17:12:47 INFO  AUDIT_LOGGER - [AUDIT] Method: UserServiceImpl.createUser | Args: [com.yash.usermanagement.model.User@49a5fa12] | Timestamp: 1752147767475
2025-07-10 17:14:37 INFO  AUDIT_LOGGER - [AUDIT] Method: AuthenticationServiceImpl.logout | Args: [invalid.jwt.token] | Timestamp: 1752147877638
2025-07-10 17:14:37 INFO  AUDIT_LOGGER - [AUDIT] Method: AuthenticationServiceImpl.login | Args: [com.yash.usermanagement.dto.LoginRequestDTO@4d4a76d8] | Timestamp: 1752147877910
2025-07-10 17:14:38 INFO  AUDIT_LOGGER - [AUDIT] Method: AuthenticationServiceImpl.login | Args: [com.yash.usermanagement.dto.LoginRequestDTO@398a4ea4] | Timestamp: 1752147878148
2025-07-10 17:14:38 INFO  AUDIT_LOGGER - [AUDIT] Method: AuthenticationServiceImpl.logout | Args: [valid.jwt.token] | Timestamp: 1752147878614
2025-07-10 17:14:38 INFO  AUDIT_LOGGER - [AUDIT] Method: AuthenticationServiceImpl.login | Args: [com.yash.usermanagement.dto.LoginRequestDTO@b9ec6dd] | Timestamp: 1752147878938
2025-07-10 17:14:41 INFO  AUDIT_LOGGER - [AUDIT] Method: UserServiceImpl.createUser | Args: [com.yash.usermanagement.model.User@1f9a36b9] | Timestamp: 1752147881808
2025-07-10 17:14:42 INFO  AUDIT_LOGGER - [AUDIT] Method: UserServiceImpl.createUser | Args: [com.yash.usermanagement.model.User@3e6d459f] | Timestamp: 1752147882747
2025-07-11 15:23:05 INFO  AUDIT_LOGGER - [AUDIT] Method: AuthenticationServiceImpl.logout | Args: [invalid.jwt.token] | Timestamp: 1752227585362
2025-07-11 15:23:05 INFO  AUDIT_LOGGER - [AUDIT] Method: AuthenticationServiceImpl.login | Args: [com.yash.usermanagement.dto.LoginRequestDTO@17b2d983] | Timestamp: 1752227585628
2025-07-11 15:23:05 INFO  AUDIT_LOGGER - [AUDIT] Method: AuthenticationServiceImpl.login | Args: [com.yash.usermanagement.dto.LoginRequestDTO@632850ef] | Timestamp: 1752227585962
2025-07-11 15:23:06 INFO  AUDIT_LOGGER - [AUDIT] Method: AuthenticationServiceImpl.logout | Args: [valid.jwt.token] | Timestamp: 1752227586382
2025-07-11 15:23:06 INFO  AUDIT_LOGGER - [AUDIT] Method: AuthenticationServiceImpl.login | Args: [com.yash.usermanagement.dto.LoginRequestDTO@62d4bba7] | Timestamp: 1752227586703
2025-07-11 15:23:11 INFO  AUDIT_LOGGER - [AUDIT] Method: UserServiceImpl.createUser | Args: [com.yash.usermanagement.model.User@283980b2] | Timestamp: 1752227591923
2025-07-11 15:23:12 INFO  AUDIT_LOGGER - [AUDIT] Method: UserServiceImpl.createUser | Args: [com.yash.usermanagement.model.User@61cf81b6] | Timestamp: 1752227592789
2025-07-13 16:47:33 INFO  AUDIT_LOGGER - [AUDIT] Method: AuthenticationServiceImpl.login | Args: [com.yash.usermanagement.dto.LoginRequestDTO@1f51c3a1] | Timestamp: 1752405453446
2025-07-13 17:43:17 INFO  AUDIT_LOGGER - [AUDIT] Method: AuthenticationServiceImpl.login | Args: [com.yash.usermanagement.dto.LoginRequestDTO@3ec8c05e] | Timestamp: 1752408797275
2025-07-13 17:43:38 INFO  AUDIT_LOGGER - [AUDIT] Method: AuthenticationServiceImpl.login | Args: [com.yash.usermanagement.dto.LoginRequestDTO@352f9122] | Timestamp: 1752408818701
2025-07-13 18:41:50 INFO  AUDIT_LOGGER - [AUDIT] Method: AuthenticationServiceImpl.login | Args: [com.yash.usermanagement.dto.LoginRequestDTO@665a66f0] | Timestamp: 1752412310962
2025-07-14 12:37:36 INFO  AUDIT_LOGGER - [AUDIT] Method: AuthenticationServiceImpl.login | Args: [com.yash.usermanagement.dto.LoginRequestDTO@1b55cf97] | Timestamp: 1752476856438
2025-07-14 12:38:20 INFO  AUDIT_LOGGER - [AUDIT] Method: AuthenticationServiceImpl.login | Args: [com.yash.usermanagement.dto.LoginRequestDTO@553250b9] | Timestamp: 1752476900314
2025-07-14 12:44:42 INFO  AUDIT_LOGGER - [AUDIT] Method: AuthenticationServiceImpl.login | Args: [com.yash.usermanagement.dto.LoginRequestDTO@6ad7b74b] | Timestamp: 1752477282066
2025-07-14 12:54:11 INFO  AUDIT_LOGGER - [AUDIT] Method: AuthenticationServiceImpl.login | Args: [com.yash.usermanagement.dto.LoginRequestDTO@30f1f55] | Timestamp: 1752477851354
